2022-02-12 00:39:50,083:DEBUG:POST http://localhost:14289/session/b40ee7d1a23982795ce241cd7c8de12b/url {"url": "https://www.linkedin.com/in/mahtab-farrokh/"}
2022-02-12 00:39:58,417:DEBUG:http://localhost:14289 "POST /session/b40ee7d1a23982795ce241cd7c8de12b/url HTTP/1.1" 200 14
2022-02-12 00:39:58,418:DEBUG:Finished Request
2022-02-12 00:40:03,430:DEBUG:GET http://localhost:14289/session/b40ee7d1a23982795ce241cd7c8de12b/source {}
2022-02-12 00:40:03,490:DEBUG:http://localhost:14289 "GET /session/b40ee7d1a23982795ce241cd7c8de12b/source HTTP/1.1" 200 479929
2022-02-12 00:40:03,495:DEBUG:Finished Request
2022-02-12 00:40:07,856:INFO:id:0 Successfully logged user:Mahtab Farrokh


2022-02-12 00:40:07,860:DEBUG:POST http://localhost:14289/session/b40ee7d1a23982795ce241cd7c8de12b/url {"url": "https://www.linkedin.com/in/soroush-ziaeinejad-bba042b1/"}
2022-02-12 00:40:13,788:DEBUG:http://localhost:14289 "POST /session/b40ee7d1a23982795ce241cd7c8de12b/url HTTP/1.1" 200 14
2022-02-12 00:40:13,789:DEBUG:Finished Request
2022-02-12 00:40:18,804:DEBUG:GET http://localhost:14289/session/b40ee7d1a23982795ce241cd7c8de12b/source {}
2022-02-12 00:40:18,872:DEBUG:http://localhost:14289 "GET /session/b40ee7d1a23982795ce241cd7c8de12b/source HTTP/1.1" 200 518294
2022-02-12 00:40:18,877:DEBUG:Finished Request
2022-02-12 00:40:19,162:INFO:id:1 Successfully logged user:Soroush Ziaeinejad


2022-02-12 00:40:19,163:DEBUG:POST http://localhost:14289/session/b40ee7d1a23982795ce241cd7c8de12b/url {"url": "https://www.linkedin.com/in/mmheydari97/"}
2022-02-12 00:40:24,887:DEBUG:http://localhost:14289 "POST /session/b40ee7d1a23982795ce241cd7c8de12b/url HTTP/1.1" 200 14
2022-02-12 00:40:24,888:DEBUG:Finished Request
2022-02-12 00:40:29,893:DEBUG:GET http://localhost:14289/session/b40ee7d1a23982795ce241cd7c8de12b/source {}
2022-02-12 00:40:29,961:DEBUG:http://localhost:14289 "GET /session/b40ee7d1a23982795ce241cd7c8de12b/source HTTP/1.1" 200 510880
2022-02-12 00:40:29,969:DEBUG:Finished Request
2022-02-12 00:40:30,210:INFO:id:2 Successfully logged user:Mohammad Mahdi Heydari


2022-02-12 00:40:30,210:DEBUG:POST http://localhost:14289/session/b40ee7d1a23982795ce241cd7c8de12b/url {"url": "https://www.linkedin.com/in/shahrzad-zolghadr-55sh1995/"}
2022-02-12 00:40:35,781:DEBUG:http://localhost:14289 "POST /session/b40ee7d1a23982795ce241cd7c8de12b/url HTTP/1.1" 200 14
2022-02-12 00:40:35,782:DEBUG:Finished Request
2022-02-12 00:40:40,797:DEBUG:GET http://localhost:14289/session/b40ee7d1a23982795ce241cd7c8de12b/source {}
2022-02-12 00:40:40,858:DEBUG:http://localhost:14289 "GET /session/b40ee7d1a23982795ce241cd7c8de12b/source HTTP/1.1" 200 454241
2022-02-12 00:40:40,865:DEBUG:Finished Request
2022-02-12 00:40:41,141:INFO:id:3 Successfully logged user:Shahrzad Zolghadr


2022-02-12 00:40:41,142:DEBUG:POST http://localhost:14289/session/b40ee7d1a23982795ce241cd7c8de12b/url {"url": "https://www.linkedin.com/in/mahsa-dibaji-b59480166/"}
2022-02-12 00:40:50,175:DEBUG:http://localhost:14289 "POST /session/b40ee7d1a23982795ce241cd7c8de12b/url HTTP/1.1" 200 14
2022-02-12 00:40:50,176:DEBUG:Finished Request
2022-02-12 00:40:55,178:DEBUG:GET http://localhost:14289/session/b40ee7d1a23982795ce241cd7c8de12b/source {}
2022-02-12 00:40:55,242:DEBUG:http://localhost:14289 "GET /session/b40ee7d1a23982795ce241cd7c8de12b/source HTTP/1.1" 200 502059
2022-02-12 00:40:55,247:DEBUG:Finished Request
2022-02-12 00:40:55,496:INFO:id:4 Successfully logged user:Mahsa Dibaji


2022-02-12 00:40:55,496:DEBUG:POST http://localhost:14289/session/b40ee7d1a23982795ce241cd7c8de12b/url {"url": "https://www.linkedin.com/in/matthewmelnyk/"}
2022-02-12 00:41:02,609:DEBUG:http://localhost:14289 "POST /session/b40ee7d1a23982795ce241cd7c8de12b/url HTTP/1.1" 200 14
2022-02-12 00:41:02,610:DEBUG:Finished Request
2022-02-12 00:41:07,612:DEBUG:GET http://localhost:14289/session/b40ee7d1a23982795ce241cd7c8de12b/source {}
2022-02-12 00:41:07,708:DEBUG:http://localhost:14289 "GET /session/b40ee7d1a23982795ce241cd7c8de12b/source HTTP/1.1" 200 646400
2022-02-12 00:41:07,718:DEBUG:Finished Request
2022-02-12 00:41:08,222:INFO:id:5 Successfully logged user:Matthew Melnyk


2022-02-12 00:41:08,223:DEBUG:POST http://localhost:14289/session/b40ee7d1a23982795ce241cd7c8de12b/url {"url": "https://www.linkedin.com/in/yyaghoobzadeh/"}
2022-02-12 00:41:14,180:DEBUG:http://localhost:14289 "POST /session/b40ee7d1a23982795ce241cd7c8de12b/url HTTP/1.1" 200 14
2022-02-12 00:41:14,181:DEBUG:Finished Request
2022-02-12 00:41:19,194:DEBUG:GET http://localhost:14289/session/b40ee7d1a23982795ce241cd7c8de12b/source {}
2022-02-12 00:41:19,301:DEBUG:http://localhost:14289 "GET /session/b40ee7d1a23982795ce241cd7c8de12b/source HTTP/1.1" 200 509859
2022-02-12 00:41:19,307:DEBUG:Finished Request
2022-02-12 00:41:19,552:INFO:id:6 Successfully logged user:Yadollah Yaghoobzadeh


2022-02-12 00:41:19,553:DEBUG:POST http://localhost:14289/session/b40ee7d1a23982795ce241cd7c8de12b/url {"url": "https://www.linkedin.com/in/sahar-dastani-a2aab0186/"}
2022-02-12 00:41:24,784:DEBUG:http://localhost:14289 "POST /session/b40ee7d1a23982795ce241cd7c8de12b/url HTTP/1.1" 200 14
2022-02-12 00:41:24,784:DEBUG:Finished Request
2022-02-12 00:41:29,787:DEBUG:GET http://localhost:14289/session/b40ee7d1a23982795ce241cd7c8de12b/source {}
2022-02-12 00:41:29,848:DEBUG:http://localhost:14289 "GET /session/b40ee7d1a23982795ce241cd7c8de12b/source HTTP/1.1" 200 446305
2022-02-12 00:41:29,853:DEBUG:Finished Request
2022-02-12 00:41:30,052:INFO:id:7 Successfully logged user:Sahar Dastani


2022-02-12 00:41:30,052:DEBUG:POST http://localhost:14289/session/b40ee7d1a23982795ce241cd7c8de12b/url {"url": "https://www.linkedin.com/in/mina-jafari-5500821b8/"}
2022-02-12 00:41:35,326:DEBUG:http://localhost:14289 "POST /session/b40ee7d1a23982795ce241cd7c8de12b/url HTTP/1.1" 200 14
2022-02-12 00:41:35,327:DEBUG:Finished Request
2022-02-12 00:41:40,339:DEBUG:GET http://localhost:14289/session/b40ee7d1a23982795ce241cd7c8de12b/source {}
2022-02-12 00:41:40,405:DEBUG:http://localhost:14289 "GET /session/b40ee7d1a23982795ce241cd7c8de12b/source HTTP/1.1" 200 461327
2022-02-12 00:41:40,410:DEBUG:Finished Request
2022-02-12 00:41:40,608:INFO:id:8 Successfully logged user:Mina Jafari


2022-02-12 00:41:40,608:DEBUG:POST http://localhost:14289/session/b40ee7d1a23982795ce241cd7c8de12b/url {"url": "https://www.linkedin.com/in/eshagh-moutabi/"}
2022-02-12 00:41:46,636:DEBUG:http://localhost:14289 "POST /session/b40ee7d1a23982795ce241cd7c8de12b/url HTTP/1.1" 200 14
2022-02-12 00:41:46,637:DEBUG:Finished Request
2022-02-12 00:41:51,639:DEBUG:GET http://localhost:14289/session/b40ee7d1a23982795ce241cd7c8de12b/source {}
2022-02-12 00:41:51,842:DEBUG:http://localhost:14289 "GET /session/b40ee7d1a23982795ce241cd7c8de12b/source HTTP/1.1" 200 521190
2022-02-12 00:41:51,852:DEBUG:Finished Request
2022-02-12 00:41:52,961:INFO:id:9 Successfully logged user:Eshagh Moutabi


2022-02-12 00:41:52,962:DEBUG:POST http://localhost:14289/session/b40ee7d1a23982795ce241cd7c8de12b/url {"url": "https://www.linkedin.com/in/hossein-fani-6042ab166/"}
2022-02-12 00:42:01,068:DEBUG:http://localhost:14289 "POST /session/b40ee7d1a23982795ce241cd7c8de12b/url HTTP/1.1" 200 14
2022-02-12 00:42:01,069:DEBUG:Finished Request
2022-02-12 00:42:06,079:DEBUG:GET http://localhost:14289/session/b40ee7d1a23982795ce241cd7c8de12b/source {}
2022-02-12 00:42:06,149:DEBUG:http://localhost:14289 "GET /session/b40ee7d1a23982795ce241cd7c8de12b/source HTTP/1.1" 200 558951
2022-02-12 00:42:06,154:DEBUG:Finished Request
2022-02-12 00:42:06,420:INFO:id:10 Successfully logged user:Hossein Fani


2022-02-12 00:42:06,420:DEBUG:POST http://localhost:14289/session/b40ee7d1a23982795ce241cd7c8de12b/url {"url": "https://www.linkedin.com/in/sobhan-ahmadian-moghadam/"}
2022-02-12 00:42:11,921:DEBUG:http://localhost:14289 "POST /session/b40ee7d1a23982795ce241cd7c8de12b/url HTTP/1.1" 200 14
2022-02-12 00:42:11,921:DEBUG:Finished Request
2022-02-12 00:42:16,930:DEBUG:GET http://localhost:14289/session/b40ee7d1a23982795ce241cd7c8de12b/source {}
2022-02-12 00:42:16,997:DEBUG:http://localhost:14289 "GET /session/b40ee7d1a23982795ce241cd7c8de12b/source HTTP/1.1" 200 484115
2022-02-12 00:42:17,003:DEBUG:Finished Request
2022-02-12 00:42:17,218:INFO:id:11 Successfully logged user:Sobhan Ahmadian Moghadam


2022-02-12 00:42:17,219:DEBUG:POST http://localhost:14289/session/b40ee7d1a23982795ce241cd7c8de12b/url {"url": "https://www.linkedin.com/in/rozan-chahardoli-7a923573/"}
2022-02-12 00:42:22,253:DEBUG:http://localhost:14289 "POST /session/b40ee7d1a23982795ce241cd7c8de12b/url HTTP/1.1" 200 14
2022-02-12 00:42:22,253:DEBUG:Finished Request
2022-02-12 00:42:27,262:DEBUG:GET http://localhost:14289/session/b40ee7d1a23982795ce241cd7c8de12b/source {}
2022-02-12 00:42:27,319:DEBUG:http://localhost:14289 "GET /session/b40ee7d1a23982795ce241cd7c8de12b/source HTTP/1.1" 200 439463
2022-02-12 00:42:27,323:DEBUG:Finished Request
2022-02-12 00:42:27,510:INFO:id:12 Successfully logged user:Rozan Chahardoli


2022-02-12 00:42:27,510:DEBUG:POST http://localhost:14289/session/b40ee7d1a23982795ce241cd7c8de12b/url {"url": "https://www.linkedin.com/in/iman-khatibi-188256107/"}
2022-02-12 00:42:32,538:DEBUG:http://localhost:14289 "POST /session/b40ee7d1a23982795ce241cd7c8de12b/url HTTP/1.1" 200 14
2022-02-12 00:42:32,538:DEBUG:Finished Request
2022-02-12 00:42:37,549:DEBUG:GET http://localhost:14289/session/b40ee7d1a23982795ce241cd7c8de12b/source {}
2022-02-12 00:42:37,609:DEBUG:http://localhost:14289 "GET /session/b40ee7d1a23982795ce241cd7c8de12b/source HTTP/1.1" 200 464326
2022-02-12 00:42:37,614:DEBUG:Finished Request
2022-02-12 00:42:37,813:INFO:id:13 Successfully logged user:Iman Khatibi


2022-02-12 00:42:37,814:DEBUG:POST http://localhost:14289/session/b40ee7d1a23982795ce241cd7c8de12b/url {"url": "https://www.linkedin.com/in/fatemeh-mardani-961ba91b9/"}
2022-02-12 00:42:43,121:DEBUG:http://localhost:14289 "POST /session/b40ee7d1a23982795ce241cd7c8de12b/url HTTP/1.1" 200 14
2022-02-12 00:42:43,122:DEBUG:Finished Request
2022-02-12 00:42:48,126:DEBUG:GET http://localhost:14289/session/b40ee7d1a23982795ce241cd7c8de12b/source {}
2022-02-12 00:42:48,188:DEBUG:http://localhost:14289 "GET /session/b40ee7d1a23982795ce241cd7c8de12b/source HTTP/1.1" 200 473376
2022-02-12 00:42:48,193:DEBUG:Finished Request
2022-02-12 00:42:48,568:INFO:id:14 Successfully logged user:Fatemeh Mardani


2022-02-12 00:42:48,569:DEBUG:POST http://localhost:14289/session/b40ee7d1a23982795ce241cd7c8de12b/url {"url": "https://www.linkedin.com/in/hananeh-torabi-b250ba1b7/"}
2022-02-12 00:42:54,317:DEBUG:http://localhost:14289 "POST /session/b40ee7d1a23982795ce241cd7c8de12b/url HTTP/1.1" 200 14
2022-02-12 00:42:54,318:DEBUG:Finished Request
2022-02-12 00:42:59,331:DEBUG:GET http://localhost:14289/session/b40ee7d1a23982795ce241cd7c8de12b/source {}
2022-02-12 00:42:59,414:DEBUG:http://localhost:14289 "GET /session/b40ee7d1a23982795ce241cd7c8de12b/source HTTP/1.1" 200 440430
2022-02-12 00:42:59,417:DEBUG:Finished Request
2022-02-12 00:42:59,594:INFO:id:15 Successfully logged user:Hananeh Torabi


2022-02-12 00:42:59,595:DEBUG:POST http://localhost:14289/session/b40ee7d1a23982795ce241cd7c8de12b/url {"url": "https://www.linkedin.com/in/mahdi-zareian-514065167/"}
2022-02-12 00:43:04,863:DEBUG:http://localhost:14289 "POST /session/b40ee7d1a23982795ce241cd7c8de12b/url HTTP/1.1" 200 14
2022-02-12 00:43:04,863:DEBUG:Finished Request
2022-02-12 00:43:09,874:DEBUG:GET http://localhost:14289/session/b40ee7d1a23982795ce241cd7c8de12b/source {}
2022-02-12 00:43:09,945:DEBUG:http://localhost:14289 "GET /session/b40ee7d1a23982795ce241cd7c8de12b/source HTTP/1.1" 200 458093
2022-02-12 00:43:09,949:DEBUG:Finished Request
2022-02-12 00:43:10,142:INFO:id:16 Successfully logged user:Mahdi Zareian


2022-02-12 00:43:10,142:DEBUG:POST http://localhost:14289/session/b40ee7d1a23982795ce241cd7c8de12b/url {"url": "https://www.linkedin.com/in/arman-sadeghi-rad-9951aa1a7/"}
2022-02-12 00:43:15,221:DEBUG:http://localhost:14289 "POST /session/b40ee7d1a23982795ce241cd7c8de12b/url HTTP/1.1" 200 14
2022-02-12 00:43:15,221:DEBUG:Finished Request
2022-02-12 00:43:20,224:DEBUG:GET http://localhost:14289/session/b40ee7d1a23982795ce241cd7c8de12b/source {}
2022-02-12 00:43:20,477:DEBUG:http://localhost:14289 "GET /session/b40ee7d1a23982795ce241cd7c8de12b/source HTTP/1.1" 200 424978
2022-02-12 00:43:20,484:DEBUG:Finished Request
2022-02-12 00:43:20,871:INFO:id:17 Successfully logged user:Arman Sadeghi Rad


2022-02-12 00:43:20,871:DEBUG:POST http://localhost:14289/session/b40ee7d1a23982795ce241cd7c8de12b/url {"url": "https://www.linkedin.com/in/zahrahosseini2022/"}
2022-02-12 00:43:27,070:DEBUG:http://localhost:14289 "POST /session/b40ee7d1a23982795ce241cd7c8de12b/url HTTP/1.1" 200 14
2022-02-12 00:43:27,071:DEBUG:Finished Request
2022-02-12 00:43:32,071:DEBUG:GET http://localhost:14289/session/b40ee7d1a23982795ce241cd7c8de12b/source {}
2022-02-12 00:43:32,134:DEBUG:http://localhost:14289 "GET /session/b40ee7d1a23982795ce241cd7c8de12b/source HTTP/1.1" 200 492002
2022-02-12 00:43:32,140:DEBUG:Finished Request
2022-02-12 00:43:32,386:INFO:id:18 Successfully logged user:Zahra Hosseini


2022-02-12 00:43:32,387:DEBUG:POST http://localhost:14289/session/b40ee7d1a23982795ce241cd7c8de12b/url {"url": "https://www.linkedin.com/in/hexpheus/"}
2022-02-12 00:43:38,166:DEBUG:http://localhost:14289 "POST /session/b40ee7d1a23982795ce241cd7c8de12b/url HTTP/1.1" 200 14
2022-02-12 00:43:38,166:DEBUG:Finished Request
2022-02-12 00:43:43,182:DEBUG:GET http://localhost:14289/session/b40ee7d1a23982795ce241cd7c8de12b/source {}
2022-02-12 00:43:43,251:DEBUG:http://localhost:14289 "GET /session/b40ee7d1a23982795ce241cd7c8de12b/source HTTP/1.1" 200 542770
2022-02-12 00:43:43,255:DEBUG:Finished Request
2022-02-12 00:43:43,692:INFO:id:19 Successfully logged user:Ali Gholami


2022-02-12 00:43:43,692:DEBUG:POST http://localhost:14289/session/b40ee7d1a23982795ce241cd7c8de12b/url {"url": "https://www.linkedin.com/in/mohammad-javad-akbari-5a79b320a/"}
2022-02-12 00:43:50,968:DEBUG:http://localhost:14289 "POST /session/b40ee7d1a23982795ce241cd7c8de12b/url HTTP/1.1" 200 14
2022-02-12 00:43:50,968:DEBUG:Finished Request
2022-02-12 00:43:55,982:DEBUG:GET http://localhost:14289/session/b40ee7d1a23982795ce241cd7c8de12b/source {}
2022-02-12 00:43:56,045:DEBUG:http://localhost:14289 "GET /session/b40ee7d1a23982795ce241cd7c8de12b/source HTTP/1.1" 200 481540
2022-02-12 00:43:56,051:DEBUG:Finished Request
2022-02-12 00:43:56,248:INFO:id:20 Successfully logged user:Mohammad javad akbari


2022-02-12 00:43:56,249:DEBUG:POST http://localhost:14289/session/b40ee7d1a23982795ce241cd7c8de12b/url {"url": "https://www.linkedin.com/in/hilda-n-270b4886/"}
2022-02-12 00:44:01,781:DEBUG:http://localhost:14289 "POST /session/b40ee7d1a23982795ce241cd7c8de12b/url HTTP/1.1" 200 14
2022-02-12 00:44:01,782:DEBUG:Finished Request
2022-02-12 00:44:06,788:DEBUG:GET http://localhost:14289/session/b40ee7d1a23982795ce241cd7c8de12b/source {}
2022-02-12 00:44:06,849:DEBUG:http://localhost:14289 "GET /session/b40ee7d1a23982795ce241cd7c8de12b/source HTTP/1.1" 200 486110
2022-02-12 00:44:06,855:DEBUG:Finished Request
2022-02-12 00:44:07,069:INFO:id:21 Successfully logged user:Hilda N.


2022-02-12 00:44:07,070:DEBUG:POST http://localhost:14289/session/b40ee7d1a23982795ce241cd7c8de12b/url {"url": "https://www.linkedin.com/in/sahar-shayegan/"}
2022-02-12 00:44:12,643:DEBUG:http://localhost:14289 "POST /session/b40ee7d1a23982795ce241cd7c8de12b/url HTTP/1.1" 200 14
2022-02-12 00:44:12,644:DEBUG:Finished Request
2022-02-12 00:44:17,651:DEBUG:GET http://localhost:14289/session/b40ee7d1a23982795ce241cd7c8de12b/source {}
2022-02-12 00:44:17,728:DEBUG:http://localhost:14289 "GET /session/b40ee7d1a23982795ce241cd7c8de12b/source HTTP/1.1" 200 500427
2022-02-12 00:44:17,736:DEBUG:Finished Request
2022-02-12 00:44:18,000:INFO:id:22 Successfully logged user:Sahar Shayegan


2022-02-12 00:44:18,001:DEBUG:POST http://localhost:14289/session/b40ee7d1a23982795ce241cd7c8de12b/url {"url": "https://www.linkedin.com/in/amir-hossein-karimi-ba501615a/"}
2022-02-12 00:44:24,252:DEBUG:http://localhost:14289 "POST /session/b40ee7d1a23982795ce241cd7c8de12b/url HTTP/1.1" 200 14
2022-02-12 00:44:24,253:DEBUG:Finished Request
2022-02-12 00:44:29,256:DEBUG:GET http://localhost:14289/session/b40ee7d1a23982795ce241cd7c8de12b/source {}
2022-02-12 00:44:29,321:DEBUG:http://localhost:14289 "GET /session/b40ee7d1a23982795ce241cd7c8de12b/source HTTP/1.1" 200 482411
2022-02-12 00:44:29,325:DEBUG:Finished Request
2022-02-12 00:44:29,564:INFO:id:23 Successfully logged user:Amir Hossein Karimi


2022-02-12 00:44:29,564:DEBUG:POST http://localhost:14289/session/b40ee7d1a23982795ce241cd7c8de12b/url {"url": "https://www.linkedin.com/in/pouya-parsa/"}
2022-02-12 00:44:35,178:DEBUG:http://localhost:14289 "POST /session/b40ee7d1a23982795ce241cd7c8de12b/url HTTP/1.1" 200 14
2022-02-12 00:44:35,179:DEBUG:Finished Request
2022-02-12 00:44:40,192:DEBUG:GET http://localhost:14289/session/b40ee7d1a23982795ce241cd7c8de12b/source {}
2022-02-12 00:44:40,254:DEBUG:http://localhost:14289 "GET /session/b40ee7d1a23982795ce241cd7c8de12b/source HTTP/1.1" 200 488931
2022-02-12 00:44:40,259:DEBUG:Finished Request
2022-02-12 00:44:40,655:INFO:id:24 Successfully logged user:Pouya Parsa


2022-02-12 00:44:40,655:DEBUG:POST http://localhost:14289/session/b40ee7d1a23982795ce241cd7c8de12b/url {"url": "https://www.linkedin.com/in/mohaddese-ahmadkhani-294720/"}
2022-02-12 00:44:46,036:DEBUG:http://localhost:14289 "POST /session/b40ee7d1a23982795ce241cd7c8de12b/url HTTP/1.1" 200 14
2022-02-12 00:44:46,037:DEBUG:Finished Request
2022-02-12 00:44:51,044:DEBUG:GET http://localhost:14289/session/b40ee7d1a23982795ce241cd7c8de12b/source {}
2022-02-12 00:44:51,104:DEBUG:http://localhost:14289 "GET /session/b40ee7d1a23982795ce241cd7c8de12b/source HTTP/1.1" 200 453245
2022-02-12 00:44:51,109:DEBUG:Finished Request
2022-02-12 00:44:51,323:INFO:id:25 Successfully logged user:mohaddese ahmadkhani khari


2022-02-12 00:44:51,323:DEBUG:POST http://localhost:14289/session/b40ee7d1a23982795ce241cd7c8de12b/url {"url": "https://www.linkedin.com/in/mehrsa-hoseini-jafari-lavasani-946b56185/"}
2022-02-12 00:44:56,517:DEBUG:http://localhost:14289 "POST /session/b40ee7d1a23982795ce241cd7c8de12b/url HTTP/1.1" 200 14
2022-02-12 00:44:56,518:DEBUG:Finished Request
2022-02-12 00:45:01,533:DEBUG:GET http://localhost:14289/session/b40ee7d1a23982795ce241cd7c8de12b/source {}
2022-02-12 00:45:01,591:DEBUG:http://localhost:14289 "GET /session/b40ee7d1a23982795ce241cd7c8de12b/source HTTP/1.1" 200 441702
2022-02-12 00:45:01,595:DEBUG:Finished Request
2022-02-12 00:45:01,781:INFO:id:26 Successfully logged user:Mehrsa Hoseini Jafari Lavasani


2022-02-12 00:45:01,781:DEBUG:POST http://localhost:14289/session/b40ee7d1a23982795ce241cd7c8de12b/url {"url": "https://www.linkedin.com/in/arezoupakseresht/"}
2022-02-12 00:45:07,194:DEBUG:http://localhost:14289 "POST /session/b40ee7d1a23982795ce241cd7c8de12b/url HTTP/1.1" 200 14
2022-02-12 00:45:07,195:DEBUG:Finished Request
2022-02-12 00:45:12,210:DEBUG:GET http://localhost:14289/session/b40ee7d1a23982795ce241cd7c8de12b/source {}
2022-02-12 00:45:12,279:DEBUG:http://localhost:14289 "GET /session/b40ee7d1a23982795ce241cd7c8de12b/source HTTP/1.1" 200 485928
2022-02-12 00:45:12,284:DEBUG:Finished Request
2022-02-12 00:45:12,545:INFO:id:27 Successfully logged user:Arezou Pakseresht


2022-02-12 00:45:12,546:DEBUG:POST http://localhost:14289/session/b40ee7d1a23982795ce241cd7c8de12b/url {"url": "https://www.linkedin.com/in/zrahmati/"}
2022-02-12 00:45:18,565:DEBUG:http://localhost:14289 "POST /session/b40ee7d1a23982795ce241cd7c8de12b/url HTTP/1.1" 200 14
2022-02-12 00:45:18,565:DEBUG:Finished Request
2022-02-12 00:45:23,580:DEBUG:GET http://localhost:14289/session/b40ee7d1a23982795ce241cd7c8de12b/source {}
2022-02-12 00:45:23,637:DEBUG:http://localhost:14289 "GET /session/b40ee7d1a23982795ce241cd7c8de12b/source HTTP/1.1" 200 440528
2022-02-12 00:45:23,641:DEBUG:Finished Request
2022-02-12 00:45:23,817:INFO:id:28 Successfully logged user:Zahed Rahmati


2022-02-12 00:45:23,817:DEBUG:POST http://localhost:14289/session/b40ee7d1a23982795ce241cd7c8de12b/url {"url": "https://www.linkedin.com/in/vibster97/"}
2022-02-12 00:45:29,842:DEBUG:http://localhost:14289 "POST /session/b40ee7d1a23982795ce241cd7c8de12b/url HTTP/1.1" 200 14
2022-02-12 00:45:29,842:DEBUG:Finished Request
2022-02-12 00:45:34,855:DEBUG:GET http://localhost:14289/session/b40ee7d1a23982795ce241cd7c8de12b/source {}
2022-02-12 00:45:34,974:DEBUG:http://localhost:14289 "GET /session/b40ee7d1a23982795ce241cd7c8de12b/source HTTP/1.1" 200 499241
2022-02-12 00:45:34,984:DEBUG:Finished Request
2022-02-12 00:45:35,513:INFO:id:29 Successfully logged user:Vibhu Bhatia


2022-02-12 00:45:35,513:DEBUG:POST http://localhost:14289/session/b40ee7d1a23982795ce241cd7c8de12b/url {"url": "https://www.linkedin.com/in/mehdi-safavi-68141a167/"}
2022-02-12 00:45:40,657:DEBUG:http://localhost:14289 "POST /session/b40ee7d1a23982795ce241cd7c8de12b/url HTTP/1.1" 200 14
2022-02-12 00:45:40,658:DEBUG:Finished Request
2022-02-12 00:45:45,658:DEBUG:GET http://localhost:14289/session/b40ee7d1a23982795ce241cd7c8de12b/source {}
2022-02-12 00:45:45,719:DEBUG:http://localhost:14289 "GET /session/b40ee7d1a23982795ce241cd7c8de12b/source HTTP/1.1" 200 481066
2022-02-12 00:45:45,725:DEBUG:Finished Request
2022-02-12 00:45:45,920:INFO:id:30 Successfully logged user:Mehdi Safavi


2022-02-12 00:45:45,921:DEBUG:POST http://localhost:14289/session/b40ee7d1a23982795ce241cd7c8de12b/url {"url": "https://www.linkedin.com/in/parisa-kordjamshidi-3033281b/"}
2022-02-12 00:45:51,782:DEBUG:http://localhost:14289 "POST /session/b40ee7d1a23982795ce241cd7c8de12b/url HTTP/1.1" 200 14
2022-02-12 00:45:51,782:DEBUG:Finished Request
2022-02-12 00:45:56,792:DEBUG:GET http://localhost:14289/session/b40ee7d1a23982795ce241cd7c8de12b/source {}
2022-02-12 00:45:56,860:DEBUG:http://localhost:14289 "GET /session/b40ee7d1a23982795ce241cd7c8de12b/source HTTP/1.1" 200 478153
2022-02-12 00:45:56,864:DEBUG:Finished Request
2022-02-12 00:45:57,088:INFO:id:31 Successfully logged user:Parisa Kordjamshidi


2022-02-12 00:45:57,088:DEBUG:POST http://localhost:14289/session/b40ee7d1a23982795ce241cd7c8de12b/url {"url": "https://www.linkedin.com/in/shariff-saeed/"}
2022-02-12 00:46:03,394:DEBUG:http://localhost:14289 "POST /session/b40ee7d1a23982795ce241cd7c8de12b/url HTTP/1.1" 200 14
2022-02-12 00:46:03,395:DEBUG:Finished Request
2022-02-12 00:46:08,409:DEBUG:GET http://localhost:14289/session/b40ee7d1a23982795ce241cd7c8de12b/source {}
2022-02-12 00:46:08,482:DEBUG:http://localhost:14289 "GET /session/b40ee7d1a23982795ce241cd7c8de12b/source HTTP/1.1" 200 539669
2022-02-12 00:46:08,489:DEBUG:Finished Request
2022-02-12 00:46:08,759:INFO:id:32 Successfully logged user:Saeed Sharifi


2022-02-12 00:46:08,759:DEBUG:POST http://localhost:14289/session/b40ee7d1a23982795ce241cd7c8de12b/url {"url": "https://www.linkedin.com/in/ahmad-delgarm-16a089195/"}
2022-02-12 00:46:14,199:DEBUG:http://localhost:14289 "POST /session/b40ee7d1a23982795ce241cd7c8de12b/url HTTP/1.1" 200 14
2022-02-12 00:46:14,199:DEBUG:Finished Request
2022-02-12 00:46:19,212:DEBUG:GET http://localhost:14289/session/b40ee7d1a23982795ce241cd7c8de12b/source {}
2022-02-12 00:46:19,277:DEBUG:http://localhost:14289 "GET /session/b40ee7d1a23982795ce241cd7c8de12b/source HTTP/1.1" 200 512625
2022-02-12 00:46:19,285:DEBUG:Finished Request
2022-02-12 00:46:19,511:INFO:id:33 Successfully logged user:Ahmad Delgarm


2022-02-12 00:46:19,511:DEBUG:POST http://localhost:14289/session/b40ee7d1a23982795ce241cd7c8de12b/url {"url": "https://www.linkedin.com/in/yones-ebrahimi-sheikhi/"}
2022-02-12 00:46:24,778:DEBUG:http://localhost:14289 "POST /session/b40ee7d1a23982795ce241cd7c8de12b/url HTTP/1.1" 200 14
2022-02-12 00:46:24,779:DEBUG:Finished Request
2022-02-12 00:46:29,780:DEBUG:GET http://localhost:14289/session/b40ee7d1a23982795ce241cd7c8de12b/source {}
2022-02-12 00:46:29,842:DEBUG:http://localhost:14289 "GET /session/b40ee7d1a23982795ce241cd7c8de12b/source HTTP/1.1" 200 471692
2022-02-12 00:46:29,847:DEBUG:Finished Request
2022-02-12 00:46:30,214:INFO:id:34 Successfully logged user:Yones Ebrahimi sheikhi


2022-02-12 00:46:30,215:DEBUG:POST http://localhost:14289/session/b40ee7d1a23982795ce241cd7c8de12b/url {"url": "https://www.linkedin.com/in/pegah-dalvand/"}
2022-02-12 00:46:35,587:DEBUG:http://localhost:14289 "POST /session/b40ee7d1a23982795ce241cd7c8de12b/url HTTP/1.1" 200 14
2022-02-12 00:46:35,587:DEBUG:Finished Request
2022-02-12 00:46:40,598:DEBUG:GET http://localhost:14289/session/b40ee7d1a23982795ce241cd7c8de12b/source {}
2022-02-12 00:46:40,724:DEBUG:http://localhost:14289 "GET /session/b40ee7d1a23982795ce241cd7c8de12b/source HTTP/1.1" 200 454490
2022-02-12 00:46:40,734:DEBUG:Finished Request
2022-02-12 00:46:41,088:INFO:id:35 Successfully logged user:Pegah Dalvand


2022-02-12 00:46:41,088:DEBUG:POST http://localhost:14289/session/b40ee7d1a23982795ce241cd7c8de12b/url {"url": "https://www.linkedin.com/in/yasmin-naji-850aa920a/"}
2022-02-12 00:46:45,898:DEBUG:http://localhost:14289 "POST /session/b40ee7d1a23982795ce241cd7c8de12b/url HTTP/1.1" 200 14
2022-02-12 00:46:45,898:DEBUG:Finished Request
2022-02-12 00:46:50,899:DEBUG:GET http://localhost:14289/session/b40ee7d1a23982795ce241cd7c8de12b/source {}
2022-02-12 00:46:50,960:DEBUG:http://localhost:14289 "GET /session/b40ee7d1a23982795ce241cd7c8de12b/source HTTP/1.1" 200 457884
2022-02-12 00:46:50,967:DEBUG:Finished Request
2022-02-12 00:46:51,202:INFO:id:36 Successfully logged user:Yasmin Naji


2022-02-12 00:46:51,202:DEBUG:POST http://localhost:14289/session/b40ee7d1a23982795ce241cd7c8de12b/url {"url": "https://www.linkedin.com/in/mehdi-rostami-b37bbb207/"}
2022-02-12 00:46:55,885:DEBUG:http://localhost:14289 "POST /session/b40ee7d1a23982795ce241cd7c8de12b/url HTTP/1.1" 200 14
2022-02-12 00:46:55,885:DEBUG:Finished Request
2022-02-12 00:47:00,892:DEBUG:GET http://localhost:14289/session/b40ee7d1a23982795ce241cd7c8de12b/source {}
2022-02-12 00:47:00,946:DEBUG:http://localhost:14289 "GET /session/b40ee7d1a23982795ce241cd7c8de12b/source HTTP/1.1" 200 413794
2022-02-12 00:47:00,950:DEBUG:Finished Request
2022-02-12 00:47:01,154:INFO:id:37 Successfully logged user:Mehdi Rostami


2022-02-12 00:47:01,154:DEBUG:POST http://localhost:14289/session/b40ee7d1a23982795ce241cd7c8de12b/url {"url": "https://www.linkedin.com/in/mohsen-rahimi-bbbb2284/"}
2022-02-12 00:47:05,908:DEBUG:http://localhost:14289 "POST /session/b40ee7d1a23982795ce241cd7c8de12b/url HTTP/1.1" 200 14
2022-02-12 00:47:05,909:DEBUG:Finished Request
2022-02-12 00:47:10,921:DEBUG:GET http://localhost:14289/session/b40ee7d1a23982795ce241cd7c8de12b/source {}
2022-02-12 00:47:10,984:DEBUG:http://localhost:14289 "GET /session/b40ee7d1a23982795ce241cd7c8de12b/source HTTP/1.1" 200 441457
2022-02-12 00:47:10,990:DEBUG:Finished Request
2022-02-12 00:47:11,200:INFO:id:38 Successfully logged user:Mohsen Rahimi


2022-02-12 00:47:11,200:DEBUG:POST http://localhost:14289/session/b40ee7d1a23982795ce241cd7c8de12b/url {"url": "https://www.linkedin.com/in/mehdi-aghazadeh/"}
2022-02-12 00:47:16,543:DEBUG:http://localhost:14289 "POST /session/b40ee7d1a23982795ce241cd7c8de12b/url HTTP/1.1" 200 14
2022-02-12 00:47:16,543:DEBUG:Finished Request
2022-02-12 00:47:21,552:DEBUG:GET http://localhost:14289/session/b40ee7d1a23982795ce241cd7c8de12b/source {}
2022-02-12 00:47:21,619:DEBUG:http://localhost:14289 "GET /session/b40ee7d1a23982795ce241cd7c8de12b/source HTTP/1.1" 200 507767
2022-02-12 00:47:21,624:DEBUG:Finished Request
2022-02-12 00:47:22,087:INFO:id:39 Successfully logged user:Mehdi Aghazadeh


2022-02-12 00:47:22,088:DEBUG:POST http://localhost:14289/session/b40ee7d1a23982795ce241cd7c8de12b/url {"url": "https://www.linkedin.com/in/mohammadhossein-malekpour/"}
2022-02-12 00:47:28,826:DEBUG:http://localhost:14289 "POST /session/b40ee7d1a23982795ce241cd7c8de12b/url HTTP/1.1" 200 14
2022-02-12 00:47:28,827:DEBUG:Finished Request
2022-02-12 00:47:33,839:DEBUG:GET http://localhost:14289/session/b40ee7d1a23982795ce241cd7c8de12b/source {}
2022-02-12 00:47:33,909:DEBUG:http://localhost:14289 "GET /session/b40ee7d1a23982795ce241cd7c8de12b/source HTTP/1.1" 200 564752
2022-02-12 00:47:33,914:DEBUG:Finished Request
2022-02-12 00:47:34,206:INFO:id:40 Successfully logged user:Mohammad Hossein Malekpour


2022-02-12 00:47:34,206:DEBUG:POST http://localhost:14289/session/b40ee7d1a23982795ce241cd7c8de12b/url {"url": "https://www.linkedin.com/in/nikta-gohari-sadr-9626281b7/"}
2022-02-12 00:47:39,430:DEBUG:http://localhost:14289 "POST /session/b40ee7d1a23982795ce241cd7c8de12b/url HTTP/1.1" 200 14
2022-02-12 00:47:39,431:DEBUG:Finished Request
2022-02-12 00:47:44,438:DEBUG:GET http://localhost:14289/session/b40ee7d1a23982795ce241cd7c8de12b/source {}
2022-02-12 00:47:44,498:DEBUG:http://localhost:14289 "GET /session/b40ee7d1a23982795ce241cd7c8de12b/source HTTP/1.1" 200 462114
2022-02-12 00:47:44,503:DEBUG:Finished Request
2022-02-12 00:47:44,719:INFO:id:41 Successfully logged user:Nikta Gohari Sadr


2022-02-12 00:47:44,720:DEBUG:POST http://localhost:14289/session/b40ee7d1a23982795ce241cd7c8de12b/url {"url": "https://www.linkedin.com/in/yasin-f-b7624210b/"}
2022-02-12 00:47:50,187:DEBUG:http://localhost:14289 "POST /session/b40ee7d1a23982795ce241cd7c8de12b/url HTTP/1.1" 200 14
2022-02-12 00:47:50,188:DEBUG:Finished Request
2022-02-12 00:47:55,203:DEBUG:GET http://localhost:14289/session/b40ee7d1a23982795ce241cd7c8de12b/source {}
2022-02-12 00:47:55,305:DEBUG:http://localhost:14289 "GET /session/b40ee7d1a23982795ce241cd7c8de12b/source HTTP/1.1" 200 490256
2022-02-12 00:47:55,315:DEBUG:Finished Request
2022-02-12 00:47:55,684:INFO:id:42 Successfully logged user:Yasin Fallah Tafty


2022-02-12 00:47:55,684:DEBUG:POST http://localhost:14289/session/b40ee7d1a23982795ce241cd7c8de12b/url {"url": "https://www.linkedin.com/in/asgaripour/"}
2022-02-12 00:48:00,981:DEBUG:http://localhost:14289 "POST /session/b40ee7d1a23982795ce241cd7c8de12b/url HTTP/1.1" 200 14
2022-02-12 00:48:00,981:DEBUG:Finished Request
2022-02-12 00:48:05,992:DEBUG:GET http://localhost:14289/session/b40ee7d1a23982795ce241cd7c8de12b/source {}
2022-02-12 00:48:06,054:DEBUG:http://localhost:14289 "GET /session/b40ee7d1a23982795ce241cd7c8de12b/source HTTP/1.1" 200 465390
2022-02-12 00:48:06,059:DEBUG:Finished Request
2022-02-12 00:48:06,251:INFO:id:43 Successfully logged user:Mohammad Asgaripour


2022-02-12 00:48:06,251:DEBUG:POST http://localhost:14289/session/b40ee7d1a23982795ce241cd7c8de12b/url {"url": "https://www.linkedin.com/in/farshid-khalili-974110199/"}
2022-02-12 00:48:11,255:DEBUG:http://localhost:14289 "POST /session/b40ee7d1a23982795ce241cd7c8de12b/url HTTP/1.1" 200 14
2022-02-12 00:48:11,258:DEBUG:Finished Request
2022-02-12 00:48:16,273:DEBUG:GET http://localhost:14289/session/b40ee7d1a23982795ce241cd7c8de12b/source {}
2022-02-12 00:48:16,327:DEBUG:http://localhost:14289 "GET /session/b40ee7d1a23982795ce241cd7c8de12b/source HTTP/1.1" 200 430581
2022-02-12 00:48:16,330:DEBUG:Finished Request
2022-02-12 00:48:16,662:INFO:id:44 Successfully logged user:Farshid Khalili


2022-02-12 00:48:16,662:DEBUG:POST http://localhost:14289/session/b40ee7d1a23982795ce241cd7c8de12b/url {"url": "https://www.linkedin.com/in/sahandsoltanieh/"}
2022-02-12 00:48:22,446:DEBUG:http://localhost:14289 "POST /session/b40ee7d1a23982795ce241cd7c8de12b/url HTTP/1.1" 200 14
2022-02-12 00:48:22,447:DEBUG:Finished Request
2022-02-12 00:48:27,458:DEBUG:GET http://localhost:14289/session/b40ee7d1a23982795ce241cd7c8de12b/source {}
2022-02-12 00:48:27,544:DEBUG:http://localhost:14289 "GET /session/b40ee7d1a23982795ce241cd7c8de12b/source HTTP/1.1" 200 535255
2022-02-12 00:48:27,550:DEBUG:Finished Request
2022-02-12 00:48:27,960:INFO:id:45 Successfully logged user:Sahand Soltanieh


2022-02-12 00:48:27,960:DEBUG:POST http://localhost:14289/session/b40ee7d1a23982795ce241cd7c8de12b/url {"url": "https://www.linkedin.com/in/nazari-ehsan/"}
2022-02-12 00:48:33,740:DEBUG:http://localhost:14289 "POST /session/b40ee7d1a23982795ce241cd7c8de12b/url HTTP/1.1" 200 14
2022-02-12 00:48:33,741:DEBUG:Finished Request
2022-02-12 00:48:38,748:DEBUG:GET http://localhost:14289/session/b40ee7d1a23982795ce241cd7c8de12b/source {}
2022-02-12 00:48:38,817:DEBUG:http://localhost:14289 "GET /session/b40ee7d1a23982795ce241cd7c8de12b/source HTTP/1.1" 200 545202
2022-02-12 00:48:38,824:DEBUG:Finished Request
2022-02-12 00:48:39,086:INFO:id:46 Successfully logged user:Ehsan Nazari


2022-02-12 00:48:39,086:DEBUG:POST http://localhost:14289/session/b40ee7d1a23982795ce241cd7c8de12b/url {"url": "https://www.linkedin.com/in/ghazaleh-kharadpoor/"}
2022-02-12 00:48:44,096:DEBUG:http://localhost:14289 "POST /session/b40ee7d1a23982795ce241cd7c8de12b/url HTTP/1.1" 200 14
2022-02-12 00:48:44,096:DEBUG:Finished Request
2022-02-12 00:48:49,105:DEBUG:GET http://localhost:14289/session/b40ee7d1a23982795ce241cd7c8de12b/source {}
2022-02-12 00:48:49,172:DEBUG:http://localhost:14289 "GET /session/b40ee7d1a23982795ce241cd7c8de12b/source HTTP/1.1" 200 515513
2022-02-12 00:48:49,176:DEBUG:Finished Request
2022-02-12 00:48:49,418:INFO:id:47 Successfully logged user:Ghazaleh Kharadpoor


2022-02-12 00:48:49,418:DEBUG:POST http://localhost:14289/session/b40ee7d1a23982795ce241cd7c8de12b/url {"url": "https://www.linkedin.com/in/mehdi-karimi-674900177/"}
2022-02-12 00:48:54,365:DEBUG:http://localhost:14289 "POST /session/b40ee7d1a23982795ce241cd7c8de12b/url HTTP/1.1" 200 14
2022-02-12 00:48:54,366:DEBUG:Finished Request
2022-02-12 00:48:59,381:DEBUG:GET http://localhost:14289/session/b40ee7d1a23982795ce241cd7c8de12b/source {}
2022-02-12 00:48:59,444:DEBUG:http://localhost:14289 "GET /session/b40ee7d1a23982795ce241cd7c8de12b/source HTTP/1.1" 200 430319
2022-02-12 00:48:59,451:DEBUG:Finished Request
2022-02-12 00:48:59,618:INFO:id:48 Successfully logged user:Mehdi Karimi


2022-02-12 00:48:59,619:DEBUG:POST http://localhost:14289/session/b40ee7d1a23982795ce241cd7c8de12b/url {"url": "https://www.linkedin.com/in/omid-edrisi/"}
2022-02-12 00:49:05,467:DEBUG:http://localhost:14289 "POST /session/b40ee7d1a23982795ce241cd7c8de12b/url HTTP/1.1" 200 14
2022-02-12 00:49:05,467:DEBUG:Finished Request
2022-02-12 00:49:10,478:DEBUG:GET http://localhost:14289/session/b40ee7d1a23982795ce241cd7c8de12b/source {}
2022-02-12 00:49:10,541:DEBUG:http://localhost:14289 "GET /session/b40ee7d1a23982795ce241cd7c8de12b/source HTTP/1.1" 200 492267
2022-02-12 00:49:10,545:DEBUG:Finished Request
2022-02-12 00:49:10,915:INFO:id:49 Successfully logged user:Omid Edrisi


2022-02-12 00:49:10,915:DEBUG:POST http://localhost:14289/session/b40ee7d1a23982795ce241cd7c8de12b/url {"url": "https://www.linkedin.com/in/fargolnassiri/"}
2022-02-12 00:49:16,517:DEBUG:http://localhost:14289 "POST /session/b40ee7d1a23982795ce241cd7c8de12b/url HTTP/1.1" 200 14
2022-02-12 00:49:16,517:DEBUG:Finished Request
2022-02-12 00:49:21,521:DEBUG:GET http://localhost:14289/session/b40ee7d1a23982795ce241cd7c8de12b/source {}
2022-02-12 00:49:21,588:DEBUG:http://localhost:14289 "GET /session/b40ee7d1a23982795ce241cd7c8de12b/source HTTP/1.1" 200 501370
2022-02-12 00:49:21,594:DEBUG:Finished Request
2022-02-12 00:49:21,850:INFO:id:50 Successfully logged user:Fargol Nassiri


2022-02-12 00:49:21,850:DEBUG:POST http://localhost:14289/session/b40ee7d1a23982795ce241cd7c8de12b/url {"url": "https://www.linkedin.com/in/fasihi-hossein/"}
2022-02-12 00:49:27,162:DEBUG:http://localhost:14289 "POST /session/b40ee7d1a23982795ce241cd7c8de12b/url HTTP/1.1" 200 14
2022-02-12 00:49:27,163:DEBUG:Finished Request
2022-02-12 00:49:32,165:DEBUG:GET http://localhost:14289/session/b40ee7d1a23982795ce241cd7c8de12b/source {}
2022-02-12 00:49:32,224:DEBUG:http://localhost:14289 "GET /session/b40ee7d1a23982795ce241cd7c8de12b/source HTTP/1.1" 200 466824
2022-02-12 00:49:32,229:DEBUG:Finished Request
2022-02-12 00:49:32,436:INFO:id:51 Successfully logged user:Hossein (Engineer) Fasihi


2022-02-12 00:49:32,437:DEBUG:POST http://localhost:14289/session/b40ee7d1a23982795ce241cd7c8de12b/url {"url": "https://www.linkedin.com/in/ashkanvedadi/"}
2022-02-12 00:49:38,068:DEBUG:http://localhost:14289 "POST /session/b40ee7d1a23982795ce241cd7c8de12b/url HTTP/1.1" 200 14
2022-02-12 00:49:38,069:DEBUG:Finished Request
2022-02-12 00:49:43,076:DEBUG:GET http://localhost:14289/session/b40ee7d1a23982795ce241cd7c8de12b/source {}
2022-02-12 00:49:43,143:DEBUG:http://localhost:14289 "GET /session/b40ee7d1a23982795ce241cd7c8de12b/source HTTP/1.1" 200 507324
2022-02-12 00:49:43,149:DEBUG:Finished Request
2022-02-12 00:49:43,408:INFO:id:52 Successfully logged user:Ashkan Vedadi Gargary


2022-02-12 00:49:43,408:DEBUG:POST http://localhost:14289/session/b40ee7d1a23982795ce241cd7c8de12b/url {"url": "https://www.linkedin.com/in/sasantavakoli/"}
2022-02-12 00:49:52,210:DEBUG:http://localhost:14289 "POST /session/b40ee7d1a23982795ce241cd7c8de12b/url HTTP/1.1" 200 14
2022-02-12 00:49:52,210:DEBUG:Finished Request
2022-02-12 00:49:57,214:DEBUG:GET http://localhost:14289/session/b40ee7d1a23982795ce241cd7c8de12b/source {}
2022-02-12 00:49:57,314:DEBUG:http://localhost:14289 "GET /session/b40ee7d1a23982795ce241cd7c8de12b/source HTTP/1.1" 200 568231
2022-02-12 00:49:57,323:DEBUG:Finished Request
2022-02-12 00:49:57,976:INFO:id:53 Successfully logged user:Sasan Tavakoli


2022-02-12 00:49:57,977:DEBUG:POST http://localhost:14289/session/b40ee7d1a23982795ce241cd7c8de12b/url {"url": "https://www.linkedin.com/in/alireza12t/"}
2022-02-12 00:50:05,238:DEBUG:http://localhost:14289 "POST /session/b40ee7d1a23982795ce241cd7c8de12b/url HTTP/1.1" 200 14
2022-02-12 00:50:05,238:DEBUG:Finished Request
2022-02-12 00:50:10,252:DEBUG:GET http://localhost:14289/session/b40ee7d1a23982795ce241cd7c8de12b/source {}
2022-02-12 00:50:10,337:DEBUG:http://localhost:14289 "GET /session/b40ee7d1a23982795ce241cd7c8de12b/source HTTP/1.1" 200 640746
2022-02-12 00:50:10,345:DEBUG:Finished Request
2022-02-12 00:50:10,686:INFO:id:54 Successfully logged user:Alireza Toghyiani


2022-02-12 00:50:10,687:DEBUG:POST http://localhost:14289/session/b40ee7d1a23982795ce241cd7c8de12b/url {"url": "https://www.linkedin.com/in/ali-najafzadeh/"}
2022-02-12 00:50:16,282:DEBUG:http://localhost:14289 "POST /session/b40ee7d1a23982795ce241cd7c8de12b/url HTTP/1.1" 200 14
2022-02-12 00:50:16,283:DEBUG:Finished Request
2022-02-12 00:50:21,295:DEBUG:GET http://localhost:14289/session/b40ee7d1a23982795ce241cd7c8de12b/source {}
2022-02-12 00:50:21,356:DEBUG:http://localhost:14289 "GET /session/b40ee7d1a23982795ce241cd7c8de12b/source HTTP/1.1" 200 492952
2022-02-12 00:50:21,363:DEBUG:Finished Request
2022-02-12 00:50:21,577:INFO:id:55 Successfully logged user:Ali Najafzadeh


2022-02-12 00:50:21,577:DEBUG:POST http://localhost:14289/session/b40ee7d1a23982795ce241cd7c8de12b/url {"url": "https://www.linkedin.com/in/mehdi-nazaralilou-b55147154/"}
2022-02-12 00:50:27,375:DEBUG:http://localhost:14289 "POST /session/b40ee7d1a23982795ce241cd7c8de12b/url HTTP/1.1" 200 14
2022-02-12 00:50:27,375:DEBUG:Finished Request
2022-02-12 00:50:32,377:DEBUG:GET http://localhost:14289/session/b40ee7d1a23982795ce241cd7c8de12b/source {}
2022-02-12 00:50:32,443:DEBUG:http://localhost:14289 "GET /session/b40ee7d1a23982795ce241cd7c8de12b/source HTTP/1.1" 200 461175
2022-02-12 00:50:32,447:DEBUG:Finished Request
2022-02-12 00:50:32,692:INFO:id:56 Successfully logged user:Mehdi Nazaralilou


2022-02-12 00:50:32,692:DEBUG:POST http://localhost:14289/session/b40ee7d1a23982795ce241cd7c8de12b/url {"url": "https://www.linkedin.com/in/milad-yousefi-049263174/"}
2022-02-12 00:50:37,886:DEBUG:http://localhost:14289 "POST /session/b40ee7d1a23982795ce241cd7c8de12b/url HTTP/1.1" 200 14
2022-02-12 00:50:37,886:DEBUG:Finished Request
2022-02-12 00:50:42,892:DEBUG:GET http://localhost:14289/session/b40ee7d1a23982795ce241cd7c8de12b/source {}
2022-02-12 00:50:42,952:DEBUG:http://localhost:14289 "GET /session/b40ee7d1a23982795ce241cd7c8de12b/source HTTP/1.1" 200 453579
2022-02-12 00:50:42,959:DEBUG:Finished Request
2022-02-12 00:50:43,301:INFO:id:57 Successfully logged user:Milad yousefi


2022-02-12 00:50:43,301:DEBUG:POST http://localhost:14289/session/b40ee7d1a23982795ce241cd7c8de12b/url {"url": "https://www.linkedin.com/in/mohammadrezaazali/"}
2022-02-12 00:50:49,186:DEBUG:http://localhost:14289 "POST /session/b40ee7d1a23982795ce241cd7c8de12b/url HTTP/1.1" 200 14
2022-02-12 00:50:49,186:DEBUG:Finished Request
2022-02-12 00:50:54,197:DEBUG:GET http://localhost:14289/session/b40ee7d1a23982795ce241cd7c8de12b/source {}
2022-02-12 00:50:54,267:DEBUG:http://localhost:14289 "GET /session/b40ee7d1a23982795ce241cd7c8de12b/source HTTP/1.1" 200 543927
2022-02-12 00:50:54,272:DEBUG:Finished Request
2022-02-12 00:50:54,556:INFO:id:58 Successfully logged user:Mohammadreza Azali


2022-02-12 00:50:54,556:DEBUG:POST http://localhost:14289/session/b40ee7d1a23982795ce241cd7c8de12b/url {"url": "https://www.linkedin.com/in/muhammad-hussein-nematollahi/"}
2022-02-12 00:50:59,963:DEBUG:http://localhost:14289 "POST /session/b40ee7d1a23982795ce241cd7c8de12b/url HTTP/1.1" 200 14
2022-02-12 00:50:59,964:DEBUG:Finished Request
2022-02-12 00:51:04,973:DEBUG:GET http://localhost:14289/session/b40ee7d1a23982795ce241cd7c8de12b/source {}
2022-02-12 00:51:05,034:DEBUG:http://localhost:14289 "GET /session/b40ee7d1a23982795ce241cd7c8de12b/source HTTP/1.1" 200 501699
2022-02-12 00:51:05,039:DEBUG:Finished Request
2022-02-12 00:51:05,270:INFO:id:59 Successfully logged user:Muhammad Hussein Nematollahi


2022-02-12 00:51:05,271:DEBUG:POST http://localhost:14289/session/b40ee7d1a23982795ce241cd7c8de12b/url {"url": "https://www.linkedin.com/in/abolfazlfekri/"}
2022-02-12 00:51:10,651:DEBUG:http://localhost:14289 "POST /session/b40ee7d1a23982795ce241cd7c8de12b/url HTTP/1.1" 200 14
2022-02-12 00:51:10,652:DEBUG:Finished Request
2022-02-12 00:51:15,655:DEBUG:GET http://localhost:14289/session/b40ee7d1a23982795ce241cd7c8de12b/source {}
2022-02-12 00:51:15,717:DEBUG:http://localhost:14289 "GET /session/b40ee7d1a23982795ce241cd7c8de12b/source HTTP/1.1" 200 482356
2022-02-12 00:51:15,722:DEBUG:Finished Request
2022-02-12 00:51:15,946:INFO:id:60 Successfully logged user:Abolfazl Fekri


2022-02-12 00:51:15,946:DEBUG:POST http://localhost:14289/session/b40ee7d1a23982795ce241cd7c8de12b/url {"url": "https://www.linkedin.com/in/morteza-khalina-5b771790/"}
2022-02-12 00:51:22,093:DEBUG:http://localhost:14289 "POST /session/b40ee7d1a23982795ce241cd7c8de12b/url HTTP/1.1" 200 14
2022-02-12 00:51:22,094:DEBUG:Finished Request
2022-02-12 00:51:27,102:DEBUG:GET http://localhost:14289/session/b40ee7d1a23982795ce241cd7c8de12b/source {}
2022-02-12 00:51:27,170:DEBUG:http://localhost:14289 "GET /session/b40ee7d1a23982795ce241cd7c8de12b/source HTTP/1.1" 200 502737
2022-02-12 00:51:27,176:DEBUG:Finished Request
2022-02-12 00:51:27,400:INFO:id:61 Successfully logged user:Morteza Khalina


2022-02-12 00:51:27,400:DEBUG:POST http://localhost:14289/session/b40ee7d1a23982795ce241cd7c8de12b/url {"url": "https://www.linkedin.com/in/yekta-sazan-9b7a71151/"}
2022-02-12 00:51:32,558:DEBUG:http://localhost:14289 "POST /session/b40ee7d1a23982795ce241cd7c8de12b/url HTTP/1.1" 200 14
2022-02-12 00:51:32,559:DEBUG:Finished Request
2022-02-12 00:51:37,563:DEBUG:GET http://localhost:14289/session/b40ee7d1a23982795ce241cd7c8de12b/source {}
2022-02-12 00:51:37,619:DEBUG:http://localhost:14289 "GET /session/b40ee7d1a23982795ce241cd7c8de12b/source HTTP/1.1" 200 426769
2022-02-12 00:51:37,623:DEBUG:Finished Request
2022-02-12 00:51:37,963:INFO:id:62 Successfully logged user:yekta sazan


2022-02-12 00:51:37,964:DEBUG:POST http://localhost:14289/session/b40ee7d1a23982795ce241cd7c8de12b/url {"url": "https://www.linkedin.com/in/mojtaba-rashidnahal-40b103122/"}
2022-02-12 00:51:43,438:DEBUG:http://localhost:14289 "POST /session/b40ee7d1a23982795ce241cd7c8de12b/url HTTP/1.1" 200 14
2022-02-12 00:51:43,439:DEBUG:Finished Request
2022-02-12 00:51:48,440:DEBUG:GET http://localhost:14289/session/b40ee7d1a23982795ce241cd7c8de12b/source {}
2022-02-12 00:51:48,506:DEBUG:http://localhost:14289 "GET /session/b40ee7d1a23982795ce241cd7c8de12b/source HTTP/1.1" 200 499455
2022-02-12 00:51:48,513:DEBUG:Finished Request
2022-02-12 00:51:48,741:INFO:id:63 Successfully logged user:mojtaba rashidnahal


2022-02-12 00:51:48,741:DEBUG:POST http://localhost:14289/session/b40ee7d1a23982795ce241cd7c8de12b/url {"url": "https://www.linkedin.com/in/erfan-mehraban-1246784b/"}
2022-02-12 00:51:54,131:DEBUG:http://localhost:14289 "POST /session/b40ee7d1a23982795ce241cd7c8de12b/url HTTP/1.1" 200 14
2022-02-12 00:51:54,131:DEBUG:Finished Request
2022-02-12 00:51:59,132:DEBUG:GET http://localhost:14289/session/b40ee7d1a23982795ce241cd7c8de12b/source {}
2022-02-12 00:51:59,191:DEBUG:http://localhost:14289 "GET /session/b40ee7d1a23982795ce241cd7c8de12b/source HTTP/1.1" 200 470900
2022-02-12 00:51:59,196:DEBUG:Finished Request
2022-02-12 00:51:59,438:INFO:id:64 Successfully logged user:Erfan Mehraban


2022-02-12 00:51:59,438:DEBUG:POST http://localhost:14289/session/b40ee7d1a23982795ce241cd7c8de12b/url {"url": "https://www.linkedin.com/in/mehrzad-mashal-76186a146/"}
2022-02-12 00:52:04,511:DEBUG:http://localhost:14289 "POST /session/b40ee7d1a23982795ce241cd7c8de12b/url HTTP/1.1" 200 14
2022-02-12 00:52:04,511:DEBUG:Finished Request
2022-02-12 00:52:09,526:DEBUG:GET http://localhost:14289/session/b40ee7d1a23982795ce241cd7c8de12b/source {}
2022-02-12 00:52:09,587:DEBUG:http://localhost:14289 "GET /session/b40ee7d1a23982795ce241cd7c8de12b/source HTTP/1.1" 200 439122
2022-02-12 00:52:09,592:DEBUG:Finished Request
2022-02-12 00:52:09,753:INFO:id:65 Successfully logged user:Mehrzad Mashal


2022-02-12 00:52:09,754:DEBUG:POST http://localhost:14289/session/b40ee7d1a23982795ce241cd7c8de12b/url {"url": "https://www.linkedin.com/in/vahid-hajihashemi-15999657/"}
2022-02-12 00:52:15,094:DEBUG:http://localhost:14289 "POST /session/b40ee7d1a23982795ce241cd7c8de12b/url HTTP/1.1" 200 14
2022-02-12 00:52:15,094:DEBUG:Finished Request
2022-02-12 00:52:20,102:DEBUG:GET http://localhost:14289/session/b40ee7d1a23982795ce241cd7c8de12b/source {}
2022-02-12 00:52:20,164:DEBUG:http://localhost:14289 "GET /session/b40ee7d1a23982795ce241cd7c8de12b/source HTTP/1.1" 200 500025
2022-02-12 00:52:20,170:DEBUG:Finished Request
2022-02-12 00:52:20,423:INFO:id:66 Successfully logged user:vahid hajihashemi


2022-02-12 00:52:20,423:DEBUG:POST http://localhost:14289/session/b40ee7d1a23982795ce241cd7c8de12b/url {"url": "https://www.linkedin.com/in/mahdiabdi98/"}
2022-02-12 00:52:25,771:DEBUG:http://localhost:14289 "POST /session/b40ee7d1a23982795ce241cd7c8de12b/url HTTP/1.1" 200 14
2022-02-12 00:52:25,771:DEBUG:Finished Request
2022-02-12 00:52:30,786:DEBUG:GET http://localhost:14289/session/b40ee7d1a23982795ce241cd7c8de12b/source {}
2022-02-12 00:52:30,844:DEBUG:http://localhost:14289 "GET /session/b40ee7d1a23982795ce241cd7c8de12b/source HTTP/1.1" 200 485868
2022-02-12 00:52:30,851:DEBUG:Finished Request
2022-02-12 00:52:31,235:INFO:id:67 Successfully logged user:Mahdi Abdi


2022-02-12 00:52:31,235:DEBUG:POST http://localhost:14289/session/b40ee7d1a23982795ce241cd7c8de12b/url {"url": "https://www.linkedin.com/in/mahvash-ranjbar-311b3042/"}
2022-02-12 00:52:36,892:DEBUG:http://localhost:14289 "POST /session/b40ee7d1a23982795ce241cd7c8de12b/url HTTP/1.1" 200 14
2022-02-12 00:52:36,892:DEBUG:Finished Request
2022-02-12 00:52:41,899:DEBUG:GET http://localhost:14289/session/b40ee7d1a23982795ce241cd7c8de12b/source {}
2022-02-12 00:52:41,966:DEBUG:http://localhost:14289 "GET /session/b40ee7d1a23982795ce241cd7c8de12b/source HTTP/1.1" 200 538086
2022-02-12 00:52:41,971:DEBUG:Finished Request
2022-02-12 00:52:42,227:INFO:id:68 Successfully logged user:Mahvash Ranjbar


2022-02-12 00:52:42,228:DEBUG:POST http://localhost:14289/session/b40ee7d1a23982795ce241cd7c8de12b/url {"url": "https://www.linkedin.com/in/roozbeh-izadian/"}
2022-02-12 00:52:47,734:DEBUG:http://localhost:14289 "POST /session/b40ee7d1a23982795ce241cd7c8de12b/url HTTP/1.1" 200 14
2022-02-12 00:52:47,735:DEBUG:Finished Request
2022-02-12 00:52:52,748:DEBUG:GET http://localhost:14289/session/b40ee7d1a23982795ce241cd7c8de12b/source {}
2022-02-12 00:52:52,811:DEBUG:http://localhost:14289 "GET /session/b40ee7d1a23982795ce241cd7c8de12b/source HTTP/1.1" 200 492402
2022-02-12 00:52:52,816:DEBUG:Finished Request
2022-02-12 00:52:53,083:INFO:id:69 Successfully logged user:Roozbeh Izadian


2022-02-12 00:52:53,084:DEBUG:POST http://localhost:14289/session/b40ee7d1a23982795ce241cd7c8de12b/url {"url": "https://www.linkedin.com/in/mehdi-torabi-0119/"}
2022-02-12 00:52:58,135:DEBUG:http://localhost:14289 "POST /session/b40ee7d1a23982795ce241cd7c8de12b/url HTTP/1.1" 200 14
2022-02-12 00:52:58,136:DEBUG:Finished Request
2022-02-12 00:53:03,143:DEBUG:GET http://localhost:14289/session/b40ee7d1a23982795ce241cd7c8de12b/source {}
2022-02-12 00:53:03,236:DEBUG:http://localhost:14289 "GET /session/b40ee7d1a23982795ce241cd7c8de12b/source HTTP/1.1" 200 429970
2022-02-12 00:53:03,243:DEBUG:Finished Request
2022-02-12 00:53:03,549:INFO:id:70 Successfully logged user:mehdi Torabi


2022-02-12 00:53:03,549:DEBUG:POST http://localhost:14289/session/b40ee7d1a23982795ce241cd7c8de12b/url {"url": "https://www.linkedin.com/in/eakhavanm/"}
2022-02-12 00:53:09,477:DEBUG:http://localhost:14289 "POST /session/b40ee7d1a23982795ce241cd7c8de12b/url HTTP/1.1" 200 14
2022-02-12 00:53:09,478:DEBUG:Finished Request
2022-02-12 00:53:14,480:DEBUG:GET http://localhost:14289/session/b40ee7d1a23982795ce241cd7c8de12b/source {}
2022-02-12 00:53:14,552:DEBUG:http://localhost:14289 "GET /session/b40ee7d1a23982795ce241cd7c8de12b/source HTTP/1.1" 200 541546
2022-02-12 00:53:14,560:DEBUG:Finished Request
2022-02-12 00:53:14,813:INFO:id:71 Successfully logged user:Ehsan Akhavan Ma'soumi


2022-02-12 00:53:14,814:DEBUG:POST http://localhost:14289/session/b40ee7d1a23982795ce241cd7c8de12b/url {"url": "https://www.linkedin.com/in/ali-moftakhari-9092a912b/"}
2022-02-12 00:53:18,654:DEBUG:http://localhost:14289 "POST /session/b40ee7d1a23982795ce241cd7c8de12b/url HTTP/1.1" 200 14
2022-02-12 00:53:18,655:DEBUG:Finished Request
2022-02-12 00:53:23,659:DEBUG:GET http://localhost:14289/session/b40ee7d1a23982795ce241cd7c8de12b/source {}
2022-02-12 00:53:23,715:DEBUG:http://localhost:14289 "GET /session/b40ee7d1a23982795ce241cd7c8de12b/source HTTP/1.1" 200 430850
2022-02-12 00:53:23,719:DEBUG:Finished Request
2022-02-12 00:53:24,045:INFO:id:72 Successfully logged user:Ali Moftakhari


2022-02-12 00:53:24,045:DEBUG:POST http://localhost:14289/session/b40ee7d1a23982795ce241cd7c8de12b/url {"url": "https://www.linkedin.com/in/akbaribehzad/"}
2022-02-12 00:53:29,109:DEBUG:http://localhost:14289 "POST /session/b40ee7d1a23982795ce241cd7c8de12b/url HTTP/1.1" 200 14
2022-02-12 00:53:29,110:DEBUG:Finished Request
2022-02-12 00:53:34,118:DEBUG:GET http://localhost:14289/session/b40ee7d1a23982795ce241cd7c8de12b/source {}
2022-02-12 00:53:34,176:DEBUG:http://localhost:14289 "GET /session/b40ee7d1a23982795ce241cd7c8de12b/source HTTP/1.1" 200 460792
2022-02-12 00:53:34,180:DEBUG:Finished Request
2022-02-12 00:53:34,375:INFO:id:73 Successfully logged user:Behzad Akbari


2022-02-12 00:53:34,376:DEBUG:POST http://localhost:14289/session/b40ee7d1a23982795ce241cd7c8de12b/url {"url": "https://www.linkedin.com/in/roya-mohamadhosseini-b50367128/"}
2022-02-12 00:53:39,742:DEBUG:http://localhost:14289 "POST /session/b40ee7d1a23982795ce241cd7c8de12b/url HTTP/1.1" 200 14
2022-02-12 00:53:39,743:DEBUG:Finished Request
2022-02-12 00:53:44,754:DEBUG:GET http://localhost:14289/session/b40ee7d1a23982795ce241cd7c8de12b/source {}
2022-02-12 00:53:44,814:DEBUG:http://localhost:14289 "GET /session/b40ee7d1a23982795ce241cd7c8de12b/source HTTP/1.1" 200 489050
2022-02-12 00:53:44,818:DEBUG:Finished Request
2022-02-12 00:53:45,031:INFO:id:74 Successfully logged user:Roya Mohamadhosseini


2022-02-12 00:53:45,032:DEBUG:POST http://localhost:14289/session/b40ee7d1a23982795ce241cd7c8de12b/url {"url": "https://www.linkedin.com/in/ali-yazdani-d/"}
2022-02-12 00:53:51,427:DEBUG:http://localhost:14289 "POST /session/b40ee7d1a23982795ce241cd7c8de12b/url HTTP/1.1" 200 14
2022-02-12 00:53:51,428:DEBUG:Finished Request
2022-02-12 00:53:56,435:DEBUG:GET http://localhost:14289/session/b40ee7d1a23982795ce241cd7c8de12b/source {}
2022-02-12 00:53:56,511:DEBUG:http://localhost:14289 "GET /session/b40ee7d1a23982795ce241cd7c8de12b/source HTTP/1.1" 200 595570
2022-02-12 00:53:56,517:DEBUG:Finished Request
2022-02-12 00:53:56,836:INFO:id:75 Successfully logged user:Ali Yazdani


2022-02-12 00:53:56,836:DEBUG:POST http://localhost:14289/session/b40ee7d1a23982795ce241cd7c8de12b/url {"url": "https://www.linkedin.com/in/alireza-azadkia-ba637a87/"}
2022-02-12 00:54:03,667:DEBUG:http://localhost:14289 "POST /session/b40ee7d1a23982795ce241cd7c8de12b/url HTTP/1.1" 200 14
2022-02-12 00:54:03,668:DEBUG:Finished Request
2022-02-12 00:54:08,668:DEBUG:GET http://localhost:14289/session/b40ee7d1a23982795ce241cd7c8de12b/source {}
2022-02-12 00:54:08,730:DEBUG:http://localhost:14289 "GET /session/b40ee7d1a23982795ce241cd7c8de12b/source HTTP/1.1" 200 470671
2022-02-12 00:54:08,734:DEBUG:Finished Request
2022-02-12 00:54:09,077:INFO:id:76 Successfully logged user:Alireza Azadkia


2022-02-12 00:54:09,077:DEBUG:POST http://localhost:14289/session/b40ee7d1a23982795ce241cd7c8de12b/url {"url": "https://www.linkedin.com/in/shima-raadpoor-6a4ba0150/"}
2022-02-12 00:54:15,555:DEBUG:http://localhost:14289 "POST /session/b40ee7d1a23982795ce241cd7c8de12b/url HTTP/1.1" 200 14
2022-02-12 00:54:15,555:DEBUG:Finished Request
2022-02-12 00:54:20,568:DEBUG:GET http://localhost:14289/session/b40ee7d1a23982795ce241cd7c8de12b/source {}
2022-02-12 00:54:20,623:DEBUG:http://localhost:14289 "GET /session/b40ee7d1a23982795ce241cd7c8de12b/source HTTP/1.1" 200 419030
2022-02-12 00:54:20,626:DEBUG:Finished Request
2022-02-12 00:54:20,788:INFO:id:77 Successfully logged user:Shima RaadPoor


2022-02-12 00:54:20,788:DEBUG:POST http://localhost:14289/session/b40ee7d1a23982795ce241cd7c8de12b/url {"url": "https://www.linkedin.com/in/sabaahmadidarani/"}
2022-02-12 00:54:27,252:DEBUG:http://localhost:14289 "POST /session/b40ee7d1a23982795ce241cd7c8de12b/url HTTP/1.1" 200 14
2022-02-12 00:54:27,252:DEBUG:Finished Request
2022-02-12 00:54:32,259:DEBUG:GET http://localhost:14289/session/b40ee7d1a23982795ce241cd7c8de12b/source {}
2022-02-12 00:54:32,320:DEBUG:http://localhost:14289 "GET /session/b40ee7d1a23982795ce241cd7c8de12b/source HTTP/1.1" 200 491571
2022-02-12 00:54:32,324:DEBUG:Finished Request
2022-02-12 00:54:32,558:INFO:id:78 Successfully logged user:Saba Ahmadi


2022-02-12 00:54:32,558:DEBUG:POST http://localhost:14289/session/b40ee7d1a23982795ce241cd7c8de12b/url {"url": "https://www.linkedin.com/in/behzad-azand/"}
2022-02-12 00:54:38,427:DEBUG:http://localhost:14289 "POST /session/b40ee7d1a23982795ce241cd7c8de12b/url HTTP/1.1" 200 14
2022-02-12 00:54:38,427:DEBUG:Finished Request
2022-02-12 00:54:43,429:DEBUG:GET http://localhost:14289/session/b40ee7d1a23982795ce241cd7c8de12b/source {}
2022-02-12 00:54:43,495:DEBUG:http://localhost:14289 "GET /session/b40ee7d1a23982795ce241cd7c8de12b/source HTTP/1.1" 200 514916
2022-02-12 00:54:43,500:DEBUG:Finished Request
2022-02-12 00:54:43,765:INFO:id:79 Successfully logged user:behzad azand


2022-02-12 00:54:43,765:DEBUG:POST http://localhost:14289/session/b40ee7d1a23982795ce241cd7c8de12b/url {"url": "https://www.linkedin.com/in/kasra-farrokhi-280274149/"}
2022-02-12 00:54:50,332:DEBUG:http://localhost:14289 "POST /session/b40ee7d1a23982795ce241cd7c8de12b/url HTTP/1.1" 200 14
2022-02-12 00:54:50,333:DEBUG:Finished Request
2022-02-12 00:54:55,346:DEBUG:GET http://localhost:14289/session/b40ee7d1a23982795ce241cd7c8de12b/source {}
2022-02-12 00:54:55,406:DEBUG:http://localhost:14289 "GET /session/b40ee7d1a23982795ce241cd7c8de12b/source HTTP/1.1" 200 469261
2022-02-12 00:54:55,411:DEBUG:Finished Request
2022-02-12 00:54:55,609:INFO:id:80 Successfully logged user:Kasra Farrokhi


2022-02-12 00:54:55,610:DEBUG:POST http://localhost:14289/session/b40ee7d1a23982795ce241cd7c8de12b/url {"url": "https://www.linkedin.com/in/hosseinfaghihi/"}
2022-02-12 00:55:02,912:DEBUG:http://localhost:14289 "POST /session/b40ee7d1a23982795ce241cd7c8de12b/url HTTP/1.1" 200 14
2022-02-12 00:55:02,913:DEBUG:Finished Request
2022-02-12 00:55:07,925:DEBUG:GET http://localhost:14289/session/b40ee7d1a23982795ce241cd7c8de12b/source {}
2022-02-12 00:55:08,007:DEBUG:http://localhost:14289 "GET /session/b40ee7d1a23982795ce241cd7c8de12b/source HTTP/1.1" 200 625757
2022-02-12 00:55:08,015:DEBUG:Finished Request
2022-02-12 00:55:08,539:INFO:id:81 Successfully logged user:Hossein Rajaby Faghihi


2022-02-12 00:55:08,539:DEBUG:POST http://localhost:14289/session/b40ee7d1a23982795ce241cd7c8de12b/url {"url": "https://www.linkedin.com/in/nima-sarang/"}
2022-02-12 00:55:14,584:DEBUG:http://localhost:14289 "POST /session/b40ee7d1a23982795ce241cd7c8de12b/url HTTP/1.1" 200 14
2022-02-12 00:55:14,584:DEBUG:Finished Request
2022-02-12 00:55:19,593:DEBUG:GET http://localhost:14289/session/b40ee7d1a23982795ce241cd7c8de12b/source {}
2022-02-12 00:55:19,732:DEBUG:http://localhost:14289 "GET /session/b40ee7d1a23982795ce241cd7c8de12b/source HTTP/1.1" 200 549075
2022-02-12 00:55:19,740:DEBUG:Finished Request
2022-02-12 00:55:20,159:INFO:id:82 Successfully logged user:Nima Sarang


2022-02-12 00:55:20,159:DEBUG:POST http://localhost:14289/session/b40ee7d1a23982795ce241cd7c8de12b/url {"url": "https://www.linkedin.com/in/sadra-amiryazdani-5666aa78/"}
2022-02-12 00:55:25,136:DEBUG:http://localhost:14289 "POST /session/b40ee7d1a23982795ce241cd7c8de12b/url HTTP/1.1" 200 14
2022-02-12 00:55:25,136:DEBUG:Finished Request
2022-02-12 00:55:30,138:DEBUG:GET http://localhost:14289/session/b40ee7d1a23982795ce241cd7c8de12b/source {}
2022-02-12 00:55:30,243:DEBUG:http://localhost:14289 "GET /session/b40ee7d1a23982795ce241cd7c8de12b/source HTTP/1.1" 200 440342
2022-02-12 00:55:30,249:DEBUG:Finished Request
2022-02-12 00:55:30,557:INFO:id:83 Successfully logged user:Sadra Amiryazdani


2022-02-12 00:55:30,558:DEBUG:POST http://localhost:14289/session/b40ee7d1a23982795ce241cd7c8de12b/url {"url": "https://www.linkedin.com/in/zahra-ashouri-b80476113/"}
2022-02-12 00:55:35,910:DEBUG:http://localhost:14289 "POST /session/b40ee7d1a23982795ce241cd7c8de12b/url HTTP/1.1" 200 14
2022-02-12 00:55:35,910:DEBUG:Finished Request
2022-02-12 00:55:40,922:DEBUG:GET http://localhost:14289/session/b40ee7d1a23982795ce241cd7c8de12b/source {}
2022-02-12 00:55:40,995:DEBUG:http://localhost:14289 "GET /session/b40ee7d1a23982795ce241cd7c8de12b/source HTTP/1.1" 200 494168
2022-02-12 00:55:41,004:DEBUG:Finished Request
2022-02-12 00:55:41,398:INFO:id:84 Successfully logged user:Zahra Ashouri


2022-02-12 00:55:41,399:DEBUG:POST http://localhost:14289/session/b40ee7d1a23982795ce241cd7c8de12b/url {"url": "https://www.linkedin.com/in/ehsan-minaeizadeh-477b4182/"}
2022-02-12 00:55:48,757:DEBUG:http://localhost:14289 "POST /session/b40ee7d1a23982795ce241cd7c8de12b/url HTTP/1.1" 200 14
2022-02-12 00:55:48,757:DEBUG:Finished Request
2022-02-12 00:55:53,763:DEBUG:GET http://localhost:14289/session/b40ee7d1a23982795ce241cd7c8de12b/source {}
2022-02-12 00:55:53,848:DEBUG:http://localhost:14289 "GET /session/b40ee7d1a23982795ce241cd7c8de12b/source HTTP/1.1" 200 520180
2022-02-12 00:55:53,857:DEBUG:Finished Request
2022-02-12 00:55:54,408:INFO:id:85 Successfully logged user:Ehsan Minaeizadeh


2022-02-12 00:55:54,409:DEBUG:POST http://localhost:14289/session/b40ee7d1a23982795ce241cd7c8de12b/url {"url": "https://www.linkedin.com/in/navid-zarifpour/"}
2022-02-12 00:56:01,499:DEBUG:http://localhost:14289 "POST /session/b40ee7d1a23982795ce241cd7c8de12b/url HTTP/1.1" 200 14
2022-02-12 00:56:01,500:DEBUG:Finished Request
2022-02-12 00:56:06,511:DEBUG:GET http://localhost:14289/session/b40ee7d1a23982795ce241cd7c8de12b/source {}
2022-02-12 00:56:06,583:DEBUG:http://localhost:14289 "GET /session/b40ee7d1a23982795ce241cd7c8de12b/source HTTP/1.1" 200 468205
2022-02-12 00:56:06,589:DEBUG:Finished Request
2022-02-12 00:56:06,874:INFO:id:86 Successfully logged user:Navid Zarifpour


2022-02-12 00:56:06,874:DEBUG:POST http://localhost:14289/session/b40ee7d1a23982795ce241cd7c8de12b/url {"url": "https://www.linkedin.com/in/milad-noroozi/"}
2022-02-12 00:56:16,967:DEBUG:http://localhost:14289 "POST /session/b40ee7d1a23982795ce241cd7c8de12b/url HTTP/1.1" 200 14
2022-02-12 00:56:16,967:DEBUG:Finished Request
2022-02-12 00:56:21,973:DEBUG:GET http://localhost:14289/session/b40ee7d1a23982795ce241cd7c8de12b/source {}
2022-02-12 00:56:22,039:DEBUG:http://localhost:14289 "GET /session/b40ee7d1a23982795ce241cd7c8de12b/source HTTP/1.1" 200 512964
2022-02-12 00:56:22,047:DEBUG:Finished Request
2022-02-12 00:56:22,292:INFO:id:87 Successfully logged user:Milad Noroozi


2022-02-12 00:56:22,292:DEBUG:POST http://localhost:14289/session/b40ee7d1a23982795ce241cd7c8de12b/url {"url": "https://www.linkedin.com/in/mohadeseh-kalbali-620863136/"}
2022-02-12 00:56:26,558:DEBUG:http://localhost:14289 "POST /session/b40ee7d1a23982795ce241cd7c8de12b/url HTTP/1.1" 200 14
2022-02-12 00:56:26,559:DEBUG:Finished Request
2022-02-12 00:56:31,562:DEBUG:GET http://localhost:14289/session/b40ee7d1a23982795ce241cd7c8de12b/source {}
2022-02-12 00:56:31,623:DEBUG:http://localhost:14289 "GET /session/b40ee7d1a23982795ce241cd7c8de12b/source HTTP/1.1" 200 461901
2022-02-12 00:56:31,629:DEBUG:Finished Request
2022-02-12 00:56:31,817:INFO:id:88 Successfully logged user:mohadeseh kalbali


2022-02-12 00:56:31,818:DEBUG:POST http://localhost:14289/session/b40ee7d1a23982795ce241cd7c8de12b/url {"url": "https://www.linkedin.com/in/tom-meta-mba-cma-cpa-ll-m-6358a12/"}
2022-02-12 00:56:37,833:DEBUG:http://localhost:14289 "POST /session/b40ee7d1a23982795ce241cd7c8de12b/url HTTP/1.1" 200 14
2022-02-12 00:56:37,833:DEBUG:Finished Request
2022-02-12 00:56:42,845:DEBUG:GET http://localhost:14289/session/b40ee7d1a23982795ce241cd7c8de12b/source {}
2022-02-12 00:56:42,911:DEBUG:http://localhost:14289 "GET /session/b40ee7d1a23982795ce241cd7c8de12b/source HTTP/1.1" 200 515504
2022-02-12 00:56:42,923:DEBUG:Finished Request
2022-02-12 00:56:43,167:INFO:id:89 Successfully logged user:Tom Meta MBA, CMA, CPA, LL.M


2022-02-12 00:56:43,167:DEBUG:POST http://localhost:14289/session/b40ee7d1a23982795ce241cd7c8de12b/url {"url": "https://www.linkedin.com/in/hamid-reza-saadi-dadmarzi-4274956b/"}
2022-02-12 00:56:48,632:DEBUG:http://localhost:14289 "POST /session/b40ee7d1a23982795ce241cd7c8de12b/url HTTP/1.1" 200 14
2022-02-12 00:56:48,633:DEBUG:Finished Request
2022-02-12 00:56:53,646:DEBUG:GET http://localhost:14289/session/b40ee7d1a23982795ce241cd7c8de12b/source {}
2022-02-12 00:56:53,712:DEBUG:http://localhost:14289 "GET /session/b40ee7d1a23982795ce241cd7c8de12b/source HTTP/1.1" 200 517368
2022-02-12 00:56:53,717:DEBUG:Finished Request
2022-02-12 00:56:54,112:INFO:id:90 Successfully logged user:Hamid reza saadi Dadmarzi


2022-02-12 00:56:54,113:DEBUG:POST http://localhost:14289/session/b40ee7d1a23982795ce241cd7c8de12b/url {"url": "https://www.linkedin.com/in/hossein-nejati-javaremi/"}
2022-02-12 00:56:59,798:DEBUG:http://localhost:14289 "POST /session/b40ee7d1a23982795ce241cd7c8de12b/url HTTP/1.1" 200 14
2022-02-12 00:56:59,798:DEBUG:Finished Request
2022-02-12 00:57:04,810:DEBUG:GET http://localhost:14289/session/b40ee7d1a23982795ce241cd7c8de12b/source {}
2022-02-12 00:57:04,877:DEBUG:http://localhost:14289 "GET /session/b40ee7d1a23982795ce241cd7c8de12b/source HTTP/1.1" 200 544664
2022-02-12 00:57:04,882:DEBUG:Finished Request
2022-02-12 00:57:05,149:INFO:id:91 Successfully logged user:Hossein Nejati Javaremi


2022-02-12 00:57:05,149:DEBUG:POST http://localhost:14289/session/b40ee7d1a23982795ce241cd7c8de12b/url {"url": "https://www.linkedin.com/in/alirezakamali/"}
2022-02-12 00:57:11,009:DEBUG:http://localhost:14289 "POST /session/b40ee7d1a23982795ce241cd7c8de12b/url HTTP/1.1" 200 14
2022-02-12 00:57:11,010:DEBUG:Finished Request
2022-02-12 00:57:16,024:DEBUG:GET http://localhost:14289/session/b40ee7d1a23982795ce241cd7c8de12b/source {}
2022-02-12 00:57:16,091:DEBUG:http://localhost:14289 "GET /session/b40ee7d1a23982795ce241cd7c8de12b/source HTTP/1.1" 200 525777
2022-02-12 00:57:16,098:DEBUG:Finished Request
2022-02-12 00:57:16,346:INFO:id:92 Successfully logged user:Alireza Kamali


2022-02-12 00:57:16,347:DEBUG:POST http://localhost:14289/session/b40ee7d1a23982795ce241cd7c8de12b/url {"url": "https://www.linkedin.com/in/imenyab/"}
2022-02-12 00:57:21,404:DEBUG:http://localhost:14289 "POST /session/b40ee7d1a23982795ce241cd7c8de12b/url HTTP/1.1" 200 14
2022-02-12 00:57:21,405:DEBUG:Finished Request
2022-02-12 00:57:26,406:DEBUG:GET http://localhost:14289/session/b40ee7d1a23982795ce241cd7c8de12b/source {}
2022-02-12 00:57:26,466:DEBUG:http://localhost:14289 "GET /session/b40ee7d1a23982795ce241cd7c8de12b/source HTTP/1.1" 200 436747
2022-02-12 00:57:26,470:DEBUG:Finished Request
2022-02-12 00:57:26,644:INFO:id:93 Successfully logged user:\u0641\u0631\u0648\u0634\u06af\u0627\u0647 \u0627\u06cc\u0646\u062a\u0631\u0646\u062a\u06cc \u0627\u06cc\u0645\u0646 \u06cc\u0627\u0628


2022-02-12 00:57:26,645:DEBUG:POST http://localhost:14289/session/b40ee7d1a23982795ce241cd7c8de12b/url {"url": "https://www.linkedin.com/in/ali-mahdian-aa012980/"}
2022-02-12 00:57:31,515:DEBUG:http://localhost:14289 "POST /session/b40ee7d1a23982795ce241cd7c8de12b/url HTTP/1.1" 200 14
2022-02-12 00:57:31,516:DEBUG:Finished Request
2022-02-12 00:57:36,519:DEBUG:GET http://localhost:14289/session/b40ee7d1a23982795ce241cd7c8de12b/source {}
2022-02-12 00:57:36,611:DEBUG:http://localhost:14289 "GET /session/b40ee7d1a23982795ce241cd7c8de12b/source HTTP/1.1" 200 440648
2022-02-12 00:57:36,620:DEBUG:Finished Request
2022-02-12 00:57:36,837:INFO:id:94 Successfully logged user:ali mahdian


2022-02-12 00:57:36,837:DEBUG:POST http://localhost:14289/session/b40ee7d1a23982795ce241cd7c8de12b/url {"url": "https://www.linkedin.com/in/reza-valibeigy-67415144/"}
2022-02-12 00:57:41,025:DEBUG:http://localhost:14289 "POST /session/b40ee7d1a23982795ce241cd7c8de12b/url HTTP/1.1" 200 14
2022-02-12 00:57:41,025:DEBUG:Finished Request
2022-02-12 00:57:46,030:DEBUG:GET http://localhost:14289/session/b40ee7d1a23982795ce241cd7c8de12b/source {}
2022-02-12 00:57:46,092:DEBUG:http://localhost:14289 "GET /session/b40ee7d1a23982795ce241cd7c8de12b/source HTTP/1.1" 200 477709
2022-02-12 00:57:46,099:DEBUG:Finished Request
2022-02-12 00:57:46,595:INFO:id:95 Successfully logged user:Reza Valibeigy


2022-02-12 00:57:46,595:DEBUG:POST http://localhost:14289/session/b40ee7d1a23982795ce241cd7c8de12b/url {"url": "https://www.linkedin.com/in/anoureddini/"}
2022-02-12 00:57:53,703:DEBUG:http://localhost:14289 "POST /session/b40ee7d1a23982795ce241cd7c8de12b/url HTTP/1.1" 200 14
2022-02-12 00:57:53,705:DEBUG:Finished Request
2022-02-12 00:57:58,708:DEBUG:GET http://localhost:14289/session/b40ee7d1a23982795ce241cd7c8de12b/source {}
2022-02-12 00:57:58,776:DEBUG:http://localhost:14289 "GET /session/b40ee7d1a23982795ce241cd7c8de12b/source HTTP/1.1" 200 529378
2022-02-12 00:57:58,781:DEBUG:Finished Request
2022-02-12 00:57:59,017:INFO:id:96 Successfully logged user:Amir Noureddini


2022-02-12 00:57:59,017:DEBUG:POST http://localhost:14289/session/b40ee7d1a23982795ce241cd7c8de12b/url {"url": "https://www.linkedin.com/in/fahim-bakhshi-8919925a/"}
2022-02-12 00:58:04,790:DEBUG:http://localhost:14289 "POST /session/b40ee7d1a23982795ce241cd7c8de12b/url HTTP/1.1" 200 14
2022-02-12 00:58:04,790:DEBUG:Finished Request
2022-02-12 00:58:09,797:DEBUG:GET http://localhost:14289/session/b40ee7d1a23982795ce241cd7c8de12b/source {}
2022-02-12 00:58:09,871:DEBUG:http://localhost:14289 "GET /session/b40ee7d1a23982795ce241cd7c8de12b/source HTTP/1.1" 200 472359
2022-02-12 00:58:09,877:DEBUG:Finished Request
2022-02-12 00:58:10,175:INFO:id:97 Successfully logged user:Fahim (\u0641\u0647\u06cc\u0645 \u0628\u062e\u0634\u06cc) Bakhshi


2022-02-12 00:58:10,175:DEBUG:POST http://localhost:14289/session/b40ee7d1a23982795ce241cd7c8de12b/url {"url": "https://www.linkedin.com/in/shahabanari/"}
2022-02-12 00:58:18,900:DEBUG:http://localhost:14289 "POST /session/b40ee7d1a23982795ce241cd7c8de12b/url HTTP/1.1" 200 14
2022-02-12 00:58:18,900:DEBUG:Finished Request
2022-02-12 00:58:23,909:DEBUG:GET http://localhost:14289/session/b40ee7d1a23982795ce241cd7c8de12b/source {}
2022-02-12 00:58:23,987:DEBUG:http://localhost:14289 "GET /session/b40ee7d1a23982795ce241cd7c8de12b/source HTTP/1.1" 200 596916
2022-02-12 00:58:23,996:DEBUG:Finished Request
2022-02-12 00:58:24,341:INFO:id:98 Successfully logged user:Shahab Anari


2022-02-12 00:58:24,341:DEBUG:POST http://localhost:14289/session/b40ee7d1a23982795ce241cd7c8de12b/url {"url": "https://www.linkedin.com/in/hosseinbazrafshan/"}
2022-02-12 00:58:32,860:DEBUG:http://localhost:14289 "POST /session/b40ee7d1a23982795ce241cd7c8de12b/url HTTP/1.1" 200 14
2022-02-12 00:58:32,861:DEBUG:Finished Request
2022-02-12 00:58:37,875:DEBUG:GET http://localhost:14289/session/b40ee7d1a23982795ce241cd7c8de12b/source {}
2022-02-12 00:58:37,937:DEBUG:http://localhost:14289 "GET /session/b40ee7d1a23982795ce241cd7c8de12b/source HTTP/1.1" 200 488690
2022-02-12 00:58:37,942:DEBUG:Finished Request
2022-02-12 00:58:38,304:INFO:id:99 Successfully logged user:Hossein Bazrafshan


2022-02-12 00:58:38,304:DEBUG:POST http://localhost:14289/session/b40ee7d1a23982795ce241cd7c8de12b/url {"url": "https://www.linkedin.com/in/amirhassanmousavi/"}
2022-02-12 00:58:46,667:DEBUG:http://localhost:14289 "POST /session/b40ee7d1a23982795ce241cd7c8de12b/url HTTP/1.1" 200 14
2022-02-12 00:58:46,668:DEBUG:Finished Request
2022-02-12 00:58:51,681:DEBUG:GET http://localhost:14289/session/b40ee7d1a23982795ce241cd7c8de12b/source {}
2022-02-12 00:58:51,762:DEBUG:http://localhost:14289 "GET /session/b40ee7d1a23982795ce241cd7c8de12b/source HTTP/1.1" 200 613387
2022-02-12 00:58:51,767:DEBUG:Finished Request
2022-02-12 00:58:52,079:INFO:id:100 Successfully logged user:Amir Hassan Mousavi


2022-02-12 00:58:52,079:DEBUG:POST http://localhost:14289/session/b40ee7d1a23982795ce241cd7c8de12b/url {"url": "https://www.linkedin.com/in/mohammadreza-ardestani/"}
2022-02-12 00:58:56,704:DEBUG:http://localhost:14289 "POST /session/b40ee7d1a23982795ce241cd7c8de12b/url HTTP/1.1" 200 14
2022-02-12 00:58:56,705:DEBUG:Finished Request
2022-02-12 00:59:01,713:DEBUG:GET http://localhost:14289/session/b40ee7d1a23982795ce241cd7c8de12b/source {}
2022-02-12 00:59:02,026:DEBUG:http://localhost:14289 "GET /session/b40ee7d1a23982795ce241cd7c8de12b/source HTTP/1.1" 200 471455
2022-02-12 00:59:02,034:DEBUG:Finished Request
2022-02-12 00:59:02,546:INFO:id:101 Successfully logged user:Mohammadreza Ardestani


2022-02-12 00:59:02,546:INFO:SUCCESSFULLY LOGGED ALL USERS
2022-02-12 01:13:04,502:INFO: *** Start dumping data to sqlite3  *** 
2022-02-12 01:13:10,515:INFO:dummped all contacts info Successfully
